<?xml version="1.0" encoding="UTF-8"?>
<!-- Generated by org.testng.reporters.JUnitXMLReporter -->
<testsuite hostname="DESKTOP-85O4IHO" ignored="0" name="Default test" tests="3" failures="0" timestamp="2022-03-10T17:38:53 EST" time="17.644" errors="0">
  <testcase name="ihgLogin" time="7.309" classname="com.stest.LoginHRMExcelBook"/>
  <testcase name="ihgLogin" time="4.67" classname="com.stest.LoginHRMExcelBook"/>
  <testcase name="ihgLogin" time="4.858" classname="com.stest.LoginHRMExcelBook"/>
</testsuite> <!-- Default test -->
