<?xml version="1.0" encoding="UTF-8"?>
<testng-results skipped="0" failed="0" ignored="0" total="3" passed="3">
  <reporter-output>
  </reporter-output>
  <suite name="Default suite" duration-ms="17644" started-at="2022-03-10T17:38:35 EST" finished-at="2022-03-10T17:38:53 EST">
    <groups>
    </groups>
    <test name="Default test" duration-ms="17644" started-at="2022-03-10T17:38:35 EST" finished-at="2022-03-10T17:38:53 EST">
      <class name="com.stest.LoginHRMExcelBook">
        <test-method status="PASS" signature="begin()[pri:0, instance:com.stest.LoginHRMExcelBook@27f723]" name="begin" is-config="true" duration-ms="131" started-at="2022-03-10T17:38:35 EST" finished-at="2022-03-10T17:38:35 EST">
          <reporter-output>
          </reporter-output>
        </test-method> <!-- begin -->
        <test-method status="PASS" signature="ihgLogin(java.lang.String,java.lang.String)[pri:0, instance:com.stest.LoginHRMExcelBook@27f723]" name="ihgLogin" duration-ms="7309" started-at="2022-03-10T17:38:36 EST" data-provider="delhi" finished-at="2022-03-10T17:38:43 EST">
          <params>
            <param index="0">
              <value>
                <![CDATA[Admin]]>
              </value>
            </param>
            <param index="1">
              <value>
                <![CDATA[admin123]]>
              </value>
            </param>
          </params>
          <reporter-output>
          </reporter-output>
        </test-method> <!-- ihgLogin -->
        <test-method status="PASS" signature="ihgLogin(java.lang.String,java.lang.String)[pri:0, instance:com.stest.LoginHRMExcelBook@27f723]" name="ihgLogin" duration-ms="4670" started-at="2022-03-10T17:38:43 EST" data-provider="delhi" finished-at="2022-03-10T17:38:48 EST">
          <params>
            <param index="0">
              <value>
                <![CDATA[Anu]]>
              </value>
            </param>
            <param index="1">
              <value>
                <![CDATA[Sudheer]]>
              </value>
            </param>
          </params>
          <reporter-output>
          </reporter-output>
        </test-method> <!-- ihgLogin -->
        <test-method status="PASS" signature="ihgLogin(java.lang.String,java.lang.String)[pri:0, instance:com.stest.LoginHRMExcelBook@27f723]" name="ihgLogin" duration-ms="4858" started-at="2022-03-10T17:38:48 EST" data-provider="delhi" finished-at="2022-03-10T17:38:53 EST">
          <params>
            <param index="0">
              <value>
                <![CDATA[Nihal]]>
              </value>
            </param>
            <param index="1">
              <value>
                <![CDATA[Nishal]]>
              </value>
            </param>
          </params>
          <reporter-output>
          </reporter-output>
        </test-method> <!-- ihgLogin -->
        <test-method status="PASS" signature="finish()[pri:0, instance:com.stest.LoginHRMExcelBook@27f723]" name="finish" is-config="true" duration-ms="341" started-at="2022-03-10T17:38:53 EST" finished-at="2022-03-10T17:38:53 EST">
          <reporter-output>
          </reporter-output>
        </test-method> <!-- finish -->
      </class> <!-- com.stest.LoginHRMExcelBook -->
    </test> <!-- Default test -->
  </suite> <!-- Default suite -->
</testng-results>
